1599134952852:help
1599134979627:history
1599135518536:add-client CLI
1599135536951:add-debt-to-client CLI -1
1599135588357:add-debt-to-client bd2f478-ccd4-476b-bbd7-9ab82084b48b -1
1599135604189:add-debt-to-client  bd2f478-ccd4-476b-bbd7-9ab82084b48b
1599135616749:add-debt-to-client  bd2f478-ccd4-476b-bbd7-9ab82084b48b 0
1599135627909:add-debt-to-client  bd2f478-ccd4-476b-bbd7-9ab82084b48b 1
1599135698543:add-debt-to-client  bd2f478-ccd4-476b-bbd7-9ab82084b48b 100
1599135737868:show-all-client
1599135744527:show-all-clients
1599135761556:add-debt-to-client 5bd2f478-ccd4-476b-bbd7-9ab82084b48b 1
1599135768894:add-debt-to-client 5bd2f478-ccd4-476b-bbd7-9ab82084b48b 0
1599135799853:add-debt-to-client 5bd2f478-ccd4-476b-bbd7-9ab82084b48b -1
1599166531360:help
1599167418696:add-client juh
1599167915385:add-client kek
1599170934774:exit
1599233911809:cl
1599233915211:exit
1599254575224:help
1599254580756:add-client Jo
1599254611226:add-debt-to-client 7c6dc80e-a042-4165-931a-23779e09b90d
1599254620550:add-debt-to-client 7c6dc80e-a042-4165-931a-23779e09b90d 10
1599254677052:add-payment-to-debt a5827bdb-0a3e-49cb-8646-1f0e89d2888a 20
1599254725645:add-payment-to-debt a5827bdb-0a3e-49cb-8646-1f0e89d2888a 10
1599255078652:add-client j
1599255091791:add-debt-to-client cb1129a6-4443-4f3f-b999-aefcddef9412 10
1599255108731:add-payment-to-debt 7fa4542c-2836-47ab-bc98-8550b1a1ca60 20
1599255122497:add-payment-to-debt 7fa4542c-2836-47ab-bc98-8550b1a1ca60 10.00000000001
1599255126953:add-payment-to-debt 7fa4542c-2836-47ab-bc98-8550b1a1ca60 10
1599255135430:add-payment-to-debt 7fa4542c-2836-47ab-bc98-8550b1a1ca60 1
1599255140654:add-payment-to-debt 7fa4542c-2836-47ab-bc98-8550b1a1ca60 0.001
1599255143501:add-payment-to-debt 7fa4542c-2836-47ab-bc98-8550b1a1ca60 0
1599255442869:add-client p
1599255454815:f016d40d-6484-4908-9db6-f922c81f3ea6
1599255475093:add-debt-to-client f016d40d-6484-4908-9db6-f922c81f3ea6 10
1599255536088:add-payment-to-debt b8cef680-d498-41f3-8af8-2080277d96dd 1
1599255896841:df
1599255900660:fff
1599256320604:ii
1599256333851:dd
1599256445742:ii
1599256447870:dd
1599257207666:ii
1599257210870:dd
1599257334345:ii
1599257335668:dd
1599257503266:ii
1599257505244:dd
1599257614715:add-payment-to-debt  11
1599257640017:add-payment-to-debt df0b4aa0-bea0-4777-b1ca-16f031da2c13 11
1599257677358:dd
1599259075736:ii
1599259076775:dd
1599259082937:help
1599259101286:show-all-client
1599259116559:show-all-clients
1599259166326:dd
1599259167631:ddd
1599259168513:dd
1599259176963:show-all-client
1599259184710:show-all-clients
1599259188834:dd
1599259218989:show-all-clients
1599259260561:add-debt-to-client e87032f1-bcec-4e35-b818-354ef02c9892 20
1599259267767:show-all-clients
1599259271580:dd
1599265839104:help
1599423057374:ii
1599423119976:dd
1599423135938:stacktrace
1599423159558:ii
1599423164755:stacktrace
1599423383179:init
1599423388432:add
1599423592727:init
1599423594216:pay
1599433019604:init-many
1599433033928:showw
1599434624591:init-many
1599434626378:showw
1599434732194:init-many
1599434734051:showw
1599434751862:stacktrace
1599434795594:init-many
1599434797245:showw
1599436115240:init-many
1599436118099:find228
1599436220308:init-many
1599436226989:find228
1599436267312:stacktrace
1599436478000:init-many
1599436482235:find228
1599438858151:init-many
1599438862926:_find
1599438938097:init-many
1599438940980:_find
1599438971213:ii
1599438974541:init
1599438978153:pay
1599438997123:_find
1599439061035:initmany 1
1599439067491:help
1599439077423:init-many 1
1599439081377:init
1599439083292:pay
1599439112812:_find
1599439318512:init
1599439320438:pay
1599439490139:init
1599439491484:pay
1599439523046:stacktracre
1599439526703:stacktrace
1599439532410:pay
1599439535541:stacktrace
1599440734900:init
1599440736500:pay
1599440837206:init
1599440838525:pay
1599440840229:[ay
1599440841925:pay
1599440887152:stacktrace
1599440948231:init
1599440950120:pay
1599441025144:init
1599441026265:pay
1599441537802:init
1599441539713:pay
1599441554059:_find
1599441745640:init-many
1599441750928:_find
1599441897259:init-many
1599441898867:_find
1599442322367:init-many
1599442325954:_find
1599447046543:init-many
1599447939910:init
1599448205702:init-many
1599448773173:help
1599448783465:show-all-clients
